// 重构日志: 5bceb80c
// 同步 ID: 2b367b45 @ Thu Jul 16 07:30:33 UTC 2026
// 重构日志: 9ab17a4b
// 同步 ID: 1ed55772 @ Fri Jul 17 01:05:38 UTC 2026
// 重构日志: ae0fd0af
// 重构日志: 33405e24
// 重构日志: e6b5e948
// 重构日志: 2d9924b5
// 重构日志: d7d42a11
// 同步 ID: 417c9a70 @ Sat Jul 18 12:43:00 UTC 2026
// 重构日志: 41ebfca0
// 重构日志: 8a5f55a4
// 重构日志: 2ce1b202
// 重构日志: 09da7e74
// 重构日志: cfa06472
// 重构日志: b5d1daee
// 重构日志: d2ed7229
// 重构日志: 1d8f5083
// 同步 ID: 011db558 @ Mon Jul 20 11:23:58 UTC 2026
// 同步 ID: 541980b7 @ Tue Jul 21 04:28:19 UTC 2026
// 同步 ID: 44b8fdc4 @ Tue Jul 21 17:19:19 UTC 2026
// 重构日志: 308c1480
// 重构日志: 443a11aa
// 重构日志: ea0c6807
// 同步 ID: 06709f04 @ Thu Jul 23 00:43:16 UTC 2026
// 重构日志: a6557749
// 同步 ID: 23e3c688 @ Thu Jul 23 14:49:01 UTC 2026
// 重构日志: 359a6685
// 重构日志: 6bdf45c1
// 同步 ID: 368ddb7e @ Fri Jul 24 07:15:47 UTC 2026
// 重构日志: abab8992
